[   20340ms] [ERROR] Failed to load resource: the server responded with a status of 500 (Internal Server Error) @ http://localhost:3003/api/twelvelabs/search:0
[   80332ms] [ERROR] Failed to load resource: the server responded with a status of 500 (Internal Server Error) @ http://localhost:3003/?_rsc=fsnpp:0
[   96089ms] [ERROR] ./src/components/pov/PovAnalysis.tsx
Error:   x Expected '</', got ')'
     ,-[/Users/dohan/poc12labs/src/components/pov/PovAnalysis.tsx:157:1]
 154 |                     </p>
 155 |                   </div>
 156 |                 </div>
 157 |               );
     :               ^
 158 |             })}
 159 |           </div>
 160 |         </div>
     `----

Caused by:
    Syntax Error

Import trace for requested module:
./src/components/pov/PovAnalysis.tsx
./src/app/page.tsx @ webpack-internal:///(app-pages-browser)/./node_modules/next/dist/next-devtools/userspace/app/errors/intercept-console-error.js:56
[   97031ms] [ERROR] ./src/components/pov/PovAnalysis.tsx
Error:   x Expected '</', got ')'
     ,-[/Users/dohan/poc12labs/src/components/pov/PovAnalysis.tsx:157:1]
 154 |                     </p>
 155 |                   </div>
 156 |                 </div>
 157 |               );
     :               ^
 158 |             })}
 159 |           </div>
 160 |         </div>
     `----

Caused by:
    Syntax Error

Import trace for requested module:
./src/components/pov/PovAnalysis.tsx
./src/app/page.tsx @ webpack-internal:///(app-pages-browser)/./node_modules/next/dist/next-devtools/userspace/app/errors/intercept-console-error.js:56
[  102138ms] [ERROR] ./src/components/pov/PovAnalysis.tsx
Error:   x Expected '</', got ')'
     ,-[/Users/dohan/poc12labs/src/components/pov/PovAnalysis.tsx:157:1]
 154 |                     </p>
 155 |                   </div>
 156 |                 </div>
 157 |               );
     :               ^
 158 |             })}
 159 |           </div>
 160 |         </div>
     `----

Caused by:
    Syntax Error

Import trace for requested module:
./src/components/pov/PovAnalysis.tsx
./src/app/page.tsx @ webpack-internal:///(app-pages-browser)/./node_modules/next/dist/next-devtools/userspace/app/errors/intercept-console-error.js:56
[  104529ms] [ERROR] ./src/components/pov/PovAnalysis.tsx
Error:   x Expected '</', got ')'
     ,-[/Users/dohan/poc12labs/src/components/pov/PovAnalysis.tsx:157:1]
 154 |                     </p>
 155 |                   </div>
 156 |                 </div>
 157 |               );
     :               ^
 158 |             })}
 159 |           </div>
 160 |         </div>
     `----

Caused by:
    Syntax Error

Import trace for requested module:
./src/components/pov/PovAnalysis.tsx
./src/app/page.tsx @ webpack-internal:///(app-pages-browser)/./node_modules/next/dist/next-devtools/userspace/app/errors/intercept-console-error.js:56
[  108219ms] [ERROR] ./src/components/pov/PovAnalysis.tsx
Error:   x Expected '</', got ')'
     ,-[/Users/dohan/poc12labs/src/components/pov/PovAnalysis.tsx:157:1]
 154 |                     </p>
 155 |                   </div>
 156 |                 </div>
 157 |               );
     :               ^
 158 |             })}
 159 |           </div>
 160 |         </div>
     `----

Caused by:
    Syntax Error

Import trace for requested module:
./src/components/pov/PovAnalysis.tsx
./src/app/page.tsx @ webpack-internal:///(app-pages-browser)/./node_modules/next/dist/next-devtools/userspace/app/errors/intercept-console-error.js:56
[  125040ms] [WARNING] The resource http://localhost:3003/_next/static/css/app/layout.css?v=1774335511416 was preloaded using link preload but not used within a few seconds from the window's load event. Please make sure it has an appropriate `as` value and it is preloaded intentionally. @ http://localhost:3003/:0
[  130280ms] [WARNING] The resource http://localhost:3003/_next/static/css/app/layout.css?v=1774335511416 was preloaded using link preload but not used within a few seconds from the window's load event. Please make sure it has an appropriate `as` value and it is preloaded intentionally. @ http://localhost:3003/:0
[  131695ms] [ERROR] Failed to load resource: the server responded with a status of 500 (Internal Server Error) @ http://localhost:3003/?_rsc=fsnpp:0
